<?xml version="1.0" encoding="UTF-8"?>
<testsuite name="Fibonacci2Test" tests="1" skipped="0" failures="0" errors="0" timestamp="2021-11-18T07:11:30" hostname="DESKTOP-MMKNC8O" time="0.016">
  <properties/>
  <testcase name="FibonacciTest()" classname="Fibonacci2Test" time="0.016"/>
  <system-out><![CDATA[]]></system-out>
  <system-err><![CDATA[]]></system-err>
</testsuite>
